<?xml version="1.0" encoding="UTF-8"?>
<!-- Generated by org.testng.reporters.JUnitReportReporter -->
<testsuite skipped="0" hostname="DESKTOP-C09RD7I" name="SA.Runner.REG_Runner" tests="1" failures="0" timestamp="2019-12-05T11:47:10 EET" time="26.719" errors="0">
  <testcase name="feature" time="26.719" classname="SA.Runner.REG_Runner"/>
</testsuite> <!-- SA.Runner.REG_Runner -->
