<?xml version="1.0" encoding="UTF-8"?>
<!-- Generated by org.testng.reporters.JUnitReportReporter -->
<testsuite skipped="0" hostname="DESKTOP-C09RD7I" name="SA.Runner.LGN_Runner" tests="1" failures="0" timestamp="2019-12-05T11:47:10 EET" time="44.259" errors="0">
  <testcase name="feature" time="44.259" classname="SA.Runner.LGN_Runner"/>
</testsuite> <!-- SA.Runner.LGN_Runner -->
